<?xml version="1.0" encoding="UTF-8"?>
<testsuite name="ucf.assignments.InventoryManagerTest" tests="5" skipped="0" failures="0" errors="0" timestamp="2021-07-26T03:40:48" hostname="TABLET-QK4ABPCV" time="0.039">
  <properties/>
  <testcase name="testAddItem()" classname="ucf.assignments.InventoryManagerTest" time="0.026"/>
  <testcase name="testClearAllItems()" classname="ucf.assignments.InventoryManagerTest" time="0.001"/>
  <testcase name="testCheckDuplicates()" classname="ucf.assignments.InventoryManagerTest" time="0.007"/>
  <testcase name="testDeleteItem()" classname="ucf.assignments.InventoryManagerTest" time="0.001"/>
  <testcase name="testSearchFindsOrder()" classname="ucf.assignments.InventoryManagerTest" time="0.001"/>
  <system-out><![CDATA[Size: 2
ITS THE SAME AXB124AXY3
]]></system-out>
  <system-err><![CDATA[]]></system-err>
</testsuite>
