<?xml version="1.0" encoding="UTF-8"?>
<testsuite name="ucf.assignments.InventoryManagerTest" tests="4" skipped="0" failures="0" errors="0" timestamp="2021-07-20T17:46:39" hostname="TABLET-QK4ABPCV" time="0.043">
  <properties/>
  <testcase name="addItem()" classname="ucf.assignments.InventoryManagerTest" time="0.033"/>
  <testcase name="checkDuplicates()" classname="ucf.assignments.InventoryManagerTest" time="0.002"/>
  <testcase name="clearAllItems()" classname="ucf.assignments.InventoryManagerTest" time="0.002"/>
  <testcase name="deleteItem()" classname="ucf.assignments.InventoryManagerTest" time="0.002"/>
  <system-out><![CDATA[]]></system-out>
  <system-err><![CDATA[]]></system-err>
</testsuite>
